TN:
SF:src/interest/SimpleInterestRateModel.sol
FN:13,SimpleInterestRateModel.getBorrowRatePerInterval
FNDA:10,SimpleInterestRateModel.getBorrowRatePerInterval
DA:14,10
FNF:1
FNH:1
LF:1
LH:1
BRF:0
BRH:0
end_of_record
TN:
SF:src/lens/OrderLens.sol
FN:47,OrderLens.getOpenLeverageOrders
FNDA:0,OrderLens.getOpenLeverageOrders
DA:52,0
DA:54,0
DA:55,0
BRDA:55,0,0,-
BRDA:55,0,1,-
DA:56,0
DA:59,0
DA:61,0
DA:62,0
DA:64,0
DA:65,0
DA:66,0
DA:67,0
BRDA:67,1,0,-
BRDA:67,1,1,-
DA:68,0
DA:69,0
DA:73,0
BRDA:73,2,0,-
BRDA:73,2,1,-
DA:74,0
DA:77,0
DA:78,0
DA:79,0
DA:82,0
FN:86,OrderLens.getOpenSwapOrders
FNDA:0,OrderLens.getOpenSwapOrders
DA:91,0
DA:92,0
DA:93,0
BRDA:93,3,0,-
BRDA:93,3,1,-
DA:94,0
DA:97,0
DA:98,0
DA:99,0
DA:101,0
DA:102,0
DA:103,0
DA:104,0
BRDA:104,4,0,-
BRDA:104,4,1,-
DA:105,0
DA:106,0
DA:110,0
BRDA:110,5,0,-
BRDA:110,5,1,-
DA:111,0
DA:114,0
DA:115,0
DA:116,0
DA:119,0
FN:122,OrderLens.canExecuteLeverageOrders
FNDA:0,OrderLens.canExecuteLeverageOrders
DA:123,0
DA:124,0
DA:125,0
DA:126,0
DA:127,0
DA:128,0
DA:129,0
DA:130,0
BRDA:130,6,0,-
BRDA:130,6,1,-
DA:131,0
DA:132,0
DA:135,0
BRDA:135,7,0,-
BRDA:135,7,1,-
DA:136,0
DA:139,0
DA:140,0
DA:144,0
BRDA:144,8,0,-
BRDA:144,8,1,-
DA:145,0
BRDA:145,9,0,-
BRDA:145,9,1,-
DA:146,0
DA:147,0
DA:150,0
BRDA:150,10,0,-
BRDA:150,10,1,-
DA:152,0
BRDA:152,11,0,-
BRDA:152,11,1,-
DA:153,0
DA:154,0
DA:157,0
DA:158,0
DA:159,0
DA:160,0
DA:161,0
DA:162,0
DA:167,0
FN:170,OrderLens.canExecuteSwapOrders
FNDA:0,OrderLens.canExecuteSwapOrders
DA:171,0
DA:172,0
DA:174,0
DA:175,0
DA:176,0
DA:177,0
BRDA:177,12,0,-
BRDA:177,12,1,-
DA:178,0
DA:179,0
DA:182,0
DA:183,0
DA:184,0
DA:185,0
DA:186,0
FN:190,OrderLens._parseLeverageOrder
FNDA:0,OrderLens._parseLeverageOrder
DA:191,0
DA:192,0
BRDA:192,13,0,-
BRDA:192,13,1,-
DA:193,0
DA:194,0
DA:195,0
DA:196,0
DA:197,0
DA:198,0
DA:199,0
DA:200,0
DA:201,0
DA:202,0
DA:203,0
DA:204,0
FN:208,OrderLens._parseSwapOrder
FNDA:0,OrderLens._parseSwapOrder
DA:209,0
DA:211,0
BRDA:211,14,0,-
BRDA:211,14,1,-
DA:212,0
DA:213,0
DA:214,0
DA:215,0
DA:216,0
DA:217,0
FNF:6
FNH:0
LF:102
LH:0
BRF:30
BRH:0
end_of_record
TN:
SF:src/lens/PoolLens.sol
FN:56,PoolLens.getLpPrice
FNDA:4,PoolLens.getLpPrice
DA:57,4
BRDA:57,0,0,-
BRDA:57,0,1,4
DA:58,0
DA:61,4
DA:62,4
DA:63,4
DA:64,4
FN:67,PoolLens.poolAssets
FNDA:24,PoolLens.poolAssets
DA:68,24
DA:70,24
DA:71,24
DA:72,24
DA:73,26
DA:74,26
DA:75,26
DA:77,26
DA:80,24
DA:81,24
DA:82,24
DA:83,24
DA:84,24
DA:85,24
DA:86,24
DA:87,24
DA:88,24
FN:91,PoolLens.getPosition
FNDA:17,PoolLens.getPosition
DA:96,25
DA:97,25
DA:98,25
DA:100,25
BRDA:100,1,0,8
BRDA:100,1,1,17
DA:101,8
DA:104,17
DA:105,17
DA:106,17
DA:108,17
DA:109,17
DA:110,17
DA:111,17
DA:112,17
DA:113,17
DA:114,17
DA:115,17
DA:116,17
DA:117,17
DA:118,17
DA:119,17
DA:120,17
FN:123,PoolLens._getPositionKey
FNDA:25,PoolLens._getPositionKey
DA:128,25
FN:131,PoolLens.getTrancheValue
FNDA:0,PoolLens.getTrancheValue
DA:132,0
FN:135,PoolLens.getPoolValue
FNDA:0,PoolLens.getPoolValue
DA:136,0
FN:139,PoolLens.getTrancheValue
FNDA:0,PoolLens.getTrancheValue
DA:140,0
FN:143,PoolLens.getPoolValue
FNDA:0,PoolLens.getPoolValue
DA:144,0
FN:154,PoolLens.getPoolInfo
FNDA:0,PoolLens.getPoolInfo
DA:155,0
DA:156,0
DA:157,0
DA:158,0
DA:159,0
DA:160,0
DA:161,0
DA:162,0
DA:163,0
DA:165,0
FN:170,PoolLens.getAssetAum
FNDA:0,PoolLens.getAssetAum
DA:171,0
DA:172,0
DA:173,0
DA:174,0
DA:175,0
BRDA:175,2,0,-
BRDA:175,2,1,-
DA:176,0
DA:178,0
DA:179,0
DA:180,0
DA:181,0
DA:182,0
FN:186,PoolLens.getAssetPoolAum
FNDA:0,PoolLens.getAssetPoolAum
DA:187,0
DA:188,0
DA:189,0
DA:191,0
DA:193,0
DA:194,0
DA:195,0
DA:196,0
BRDA:196,3,0,-
BRDA:196,3,1,-
DA:197,0
DA:199,0
DA:200,0
DA:201,0
DA:202,0
DA:206,0
DA:210,0
FN:213,PoolLens.getUserPositions
FNDA:2,PoolLens.getUserPositions
DA:214,2
DA:215,2
DA:216,2
DA:217,2
DA:218,2
DA:219,6
BRDA:219,4,0,-
BRDA:219,4,1,1
DA:220,2
DA:221,2
DA:222,6
BRDA:222,5,0,4
BRDA:222,5,1,6
DA:223,6
DA:225,4
DA:226,4
DA:227,4
BRDA:227,6,0,-
BRDA:227,6,1,1
DA:228,1
DA:229,1
DA:233,4
DA:234,4
DA:235,4
BRDA:235,7,0,-
BRDA:235,7,1,1
DA:236,1
DA:237,1
DA:242,2
DA:243,2
DA:244,2
DA:247,2
FNF:12
FNH:5
LF:109
LH:68
BRF:16
BRH:8
end_of_record
TN:
SF:src/lib/MathUtils.sol
FN:6,MathUtils.diff
FNDA:178,MathUtils.diff
DA:8,178
FN:12,MathUtils.zeroCapSub
FNDA:13,MathUtils.zeroCapSub
DA:14,13
FN:18,MathUtils.frac
FNDA:134,MathUtils.frac
DA:19,134
FN:22,MathUtils.min
FNDA:0,MathUtils.min
DA:23,0
FN:27,MathUtils.addThenSubWithFraction
FNDA:0,MathUtils.addThenSubWithFraction
DA:32,0
FN:40,MathUtils.average
FNDA:0,MathUtils.average
DA:42,0
FNF:6
FNH:3
LF:6
LH:3
BRF:0
BRH:0
end_of_record
TN:
SF:src/lib/PositionLogic.sol
FN:9,PositionLogic.getPositionKey
FNDA:0,PositionLogic.getPositionKey
DA:14,0
FN:17,PositionLogic.calcPnl
FNDA:947,PositionLogic.calcPnl
DA:22,947
BRDA:22,0,0,930
BRDA:22,0,1,17
DA:23,930
DA:25,17
DA:26,17
DA:27,17
DA:28,17
BRDA:28,1,0,13
BRDA:28,1,1,4
DA:29,13
DA:31,4
FN:38,PositionLogic.calcAveragePrice
FNDA:0,PositionLogic.calcAveragePrice
DA:46,0
BRDA:46,2,0,-
BRDA:46,2,1,-
DA:47,0
DA:49,0
BRDA:49,3,0,-
BRDA:49,3,1,-
DA:50,0
DA:52,0
DA:53,0
DA:54,0
DA:55,0
FNF:3
FNH:1
LF:17
LH:8
BRF:8
BRH:4
end_of_record
TN:
SF:src/lib/SafeCast.sol
FN:6,SafeCast.toUint256
FNDA:0,SafeCast.toUint256
DA:7,0
BRDA:7,0,0,-
BRDA:7,0,1,-
DA:8,0
DA:10,0
FN:13,SafeCast.toInt256
FNDA:0,SafeCast.toInt256
DA:15,0
BRDA:15,1,0,-
BRDA:15,1,1,-
DA:16,0
DA:18,0
FNF:2
FNH:0
LF:6
LH:0
BRF:4
BRH:0
end_of_record
TN:
SF:src/lib/SafeERC20.sol
FN:10,SafeERC20.safeTransferFrom
FNDA:0,SafeERC20.safeTransferFrom
DA:11,0
FN:14,SafeERC20.safeTransfer
FNDA:0,SafeERC20.safeTransfer
DA:15,0
FN:18,SafeERC20.safeIncreaseAllowance
FNDA:0,SafeERC20.safeIncreaseAllowance
DA:19,0
DA:20,0
FNF:3
FNH:0
LF:4
LH:0
BRF:0
BRH:0
end_of_record
TN:
SF:src/lib/SignedIntMath.sol
FN:10,SignedIntMath.frac
FNDA:0,SignedIntMath.frac
DA:11,0
FN:14,SignedIntMath.abs
FNDA:0,SignedIntMath.abs
DA:17,0
FN:21,SignedIntMath.lowerCap
FNDA:0,SignedIntMath.lowerCap
DA:22,0
DA:23,0
FNF:3
FNH:0
LF:4
LH:0
BRF:0
BRH:0
end_of_record
TN:
SF:src/oracle/LevelOracle.sol
FN:53,LevelOracle.postPrices
FNDA:4,LevelOracle.postPrices
DA:54,4
BRDA:54,0,0,-
BRDA:54,0,1,4
DA:55,0
DA:57,4
DA:58,4
BRDA:58,1,0,-
BRDA:58,1,1,4
DA:59,0
DA:61,4
DA:62,4
DA:64,4
FN:70,LevelOracle.getMultiplePrices
FNDA:0,LevelOracle.getMultiplePrices
DA:71,0
DA:72,0
DA:74,0
DA:75,0
DA:77,0
DA:81,0
FN:84,LevelOracle.getPrice
FNDA:10,LevelOracle.getPrice
DA:85,10
FN:88,LevelOracle.getLastPrice
FNDA:0,LevelOracle.getLastPrice
DA:89,0
FN:99,LevelOracle.configToken
FNDA:0,LevelOracle.configToken
DA:107,0
BRDA:107,2,0,-
BRDA:107,2,1,-
DA:108,0
BRDA:108,3,0,-
BRDA:108,3,1,-
DA:109,0
BRDA:109,4,0,-
BRDA:109,4,1,-
DA:111,0
BRDA:111,5,0,-
BRDA:111,5,1,-
DA:112,0
DA:115,0
DA:122,0
FN:125,LevelOracle.addReporter
FNDA:1,LevelOracle.addReporter
DA:126,0
BRDA:126,6,0,-
BRDA:126,6,1,-
DA:128,0
DA:129,0
DA:130,0
FN:133,LevelOracle.removeReporter
FNDA:0,LevelOracle.removeReporter
DA:134,0
BRDA:134,7,0,-
BRDA:134,7,1,-
DA:135,0
BRDA:135,8,0,-
BRDA:135,8,1,-
DA:137,0
DA:138,0
DA:139,0
BRDA:139,9,0,-
BRDA:139,9,1,-
DA:140,0
DA:141,0
DA:144,0
DA:145,0
FN:151,LevelOracle._postPrice
FNDA:4,LevelOracle._postPrice
DA:152,4
DA:153,4
BRDA:153,10,0,-
BRDA:153,10,1,4
DA:154,0
DA:156,4
DA:157,4
DA:158,4
DA:159,4
DA:160,4
FN:163,LevelOracle._getPrice
FNDA:10,LevelOracle._getPrice
DA:164,10
DA:165,10
DA:166,10
DA:167,8
BRDA:167,11,0,1
BRDA:167,11,1,7
DA:168,1
DA:171,7
BRDA:171,12,0,1
BRDA:171,12,1,6
DA:172,1
DA:175,6
BRDA:175,13,0,2
BRDA:175,13,1,2
DA:176,4
DA:179,2
BRDA:179,14,0,1
BRDA:179,14,1,1
DA:180,2
DA:184,0
FN:187,LevelOracle._min
FNDA:2,LevelOracle._min
DA:188,2
FN:191,LevelOracle._max
FNDA:1,LevelOracle._max
DA:192,1
FN:195,LevelOracle._getPriceSpread
FNDA:2,LevelOracle._getPriceSpread
DA:196,2
FN:199,LevelOracle._getReferencePrice
FNDA:10,LevelOracle._getReferencePrice
DA:204,10
DA:205,10
DA:206,10
DA:214,10
DA:216,10
BRDA:216,15,0,1
BRDA:216,15,1,9
DA:217,1
DA:220,9
BRDA:220,16,0,-
BRDA:220,16,1,9
DA:221,0
DA:224,9
DA:225,9
BRDA:225,17,0,1
BRDA:225,17,1,8
DA:226,1
DA:229,8
DA:230,8
DA:231,8
DA:232,8
DA:233,8
FN:236,LevelOracle._getLastPrice
FNDA:10,LevelOracle._getLastPrice
DA:237,10
FNF:14
FNH:10
LF:76
LH:44
BRF:36
BRH:16
end_of_record
TN:
SF:src/oracle/PriceReporter.sol
FN:29,PriceReporter.postPriceAndExecuteOrders
FNDA:2,PriceReporter.postPriceAndExecuteOrders
DA:35,2
BRDA:35,0,0,1
BRDA:35,0,1,1
DA:36,1
DA:38,1
DA:39,0
DA:41,0
DA:44,1
DA:45,0
DA:47,0
FN:52,PriceReporter.addReporter
FNDA:1,PriceReporter.addReporter
DA:53,0
BRDA:53,1,0,-
BRDA:53,1,1,-
DA:54,0
BRDA:54,2,0,-
BRDA:54,2,1,-
DA:55,0
DA:56,0
FN:59,PriceReporter.removeReporter
FNDA:0,PriceReporter.removeReporter
DA:60,0
BRDA:60,3,0,-
BRDA:60,3,1,-
DA:61,0
DA:62,0
DA:63,0
BRDA:63,4,0,-
BRDA:63,4,1,-
DA:64,0
DA:65,0
DA:68,0
FNF:3
FNH:2
LF:19
LH:4
BRF:10
BRH:2
end_of_record
TN:
SF:src/orders/OrderManager.sol
FN:47,OrderManager.initialize
FNDA:19,OrderManager.initialize
DA:54,19
DA:55,19
DA:57,19
BRDA:57,0,0,1
BRDA:57,0,1,18
DA:58,18
BRDA:58,1,0,1
BRDA:58,1,1,17
DA:59,17
BRDA:59,2,0,1
BRDA:59,2,1,16
DA:61,16
DA:62,15
DA:63,15
DA:64,15
DA:65,15
DA:66,15
FN:70,OrderManager.getOrders
FNDA:1,OrderManager.getOrders
DA:75,1
DA:76,1
DA:77,1
DA:78,1
DA:79,1
DA:80,1
DA:81,1
FN:85,OrderManager.getSwapOrders
FNDA:1,OrderManager.getSwapOrders
DA:90,1
DA:91,1
DA:92,1
DA:93,1
DA:94,1
DA:95,1
DA:96,2
FN:101,OrderManager.placeLeverageOrder
FNDA:9,OrderManager.placeLeverageOrder
DA:109,9
DA:110,9
BRDA:110,3,0,1
BRDA:110,3,1,8
DA:111,1
DA:114,8
BRDA:114,4,0,6
BRDA:114,4,1,2
DA:115,6
DA:117,2
DA:119,6
DA:120,6
FN:123,OrderManager.placeSwapOrder
FNDA:7,OrderManager.placeSwapOrder
DA:131,7
DA:132,7
DA:134,7
BRDA:134,5,0,1
BRDA:134,5,1,6
DA:135,1
DA:137,6
DA:138,6
BRDA:138,6,0,-
BRDA:138,6,1,1
DA:139,1
DA:140,1
DA:142,5
DA:143,5
DA:146,6
BRDA:146,7,0,1
BRDA:146,7,1,5
DA:147,1
DA:150,5
DA:162,5
DA:163,5
DA:164,5
DA:165,5
DA:166,5
DA:167,5
DA:168,5
BRDA:168,8,0,-
BRDA:168,8,1,-
DA:169,0
FN:173,OrderManager.swap
FNDA:2,OrderManager.swap
DA:180,2
DA:182,2
DA:183,2
BRDA:183,9,0,-
BRDA:183,9,1,1
DA:184,1
DA:185,1
DA:186,1
DA:187,1
DA:189,1
DA:190,1
DA:193,2
DA:194,2
BRDA:194,10,0,1
BRDA:194,10,1,2
DA:195,1
DA:197,2
DA:199,2
BRDA:199,11,0,-
BRDA:199,11,1,-
DA:200,0
FN:204,OrderManager.executeLeverageOrder
FNDA:8,OrderManager.executeLeverageOrder
DA:205,8
DA:206,8
BRDA:206,12,0,1
BRDA:206,12,1,7
DA:207,1
DA:209,7
DA:211,5
BRDA:211,13,0,1
BRDA:211,13,1,4
DA:212,1
DA:213,1
DA:216,4
DA:217,4
DA:218,4
DA:219,4
BRDA:219,14,0,-
BRDA:219,14,1,4
DA:220,0
DA:223,4
DA:224,4
DA:225,4
DA:226,4
FN:229,OrderManager.cancelLeverageOrder
FNDA:2,OrderManager.cancelLeverageOrder
DA:230,2
DA:231,2
BRDA:231,15,0,1
BRDA:231,15,1,1
DA:232,1
DA:234,1
BRDA:234,16,0,-
BRDA:234,16,1,1
DA:235,0
DA:237,1
DA:238,1
DA:240,1
DA:241,1
BRDA:241,17,0,1
BRDA:241,17,1,1
DA:242,1
DA:245,1
FN:248,OrderManager.executeSwapOrder
FNDA:2,OrderManager.executeSwapOrder
DA:249,2
DA:250,2
BRDA:250,18,0,-
BRDA:250,18,1,2
DA:251,0
DA:253,2
DA:255,2
DA:256,2
DA:257,2
DA:258,2
BRDA:258,19,0,1
BRDA:258,19,1,1
DA:259,1
DA:261,1
DA:262,1
DA:264,2
DA:265,2
BRDA:265,20,0,-
BRDA:265,20,1,2
DA:266,0
DA:268,2
FN:271,OrderManager.cancelSwapOrder
FNDA:2,OrderManager.cancelSwapOrder
DA:272,2
DA:273,2
BRDA:273,21,0,1
BRDA:273,21,1,1
DA:274,1
DA:276,1
BRDA:276,22,0,-
BRDA:276,22,1,1
DA:277,0
DA:279,1
DA:280,1
DA:281,1
DA:282,1
FN:287,OrderManager._executeLeveragePositionRequest
FNDA:4,OrderManager._executeLeveragePositionRequest
DA:291,4
BRDA:291,23,0,-
BRDA:291,23,1,2
DA:292,2
DA:295,2
BRDA:295,24,0,-
BRDA:295,24,1,-
DA:296,0
DA:297,0
DA:301,2
DA:302,2
DA:306,2
DA:307,2
DA:308,2
DA:317,2
DA:318,2
BRDA:318,25,0,1
BRDA:318,25,1,1
DA:319,1
DA:320,1
BRDA:320,26,0,-
BRDA:320,26,1,-
DA:321,0
DA:322,0
DA:324,1
FN:329,OrderManager._getMarkPrice
FNDA:4,OrderManager._getMarkPrice
DA:334,4
DA:335,4
FN:338,OrderManager._createDecreasePositionOrder
FNDA:2,OrderManager._createDecreasePositionOrder
DA:345,2
DA:346,2
DA:347,2
DA:349,2
DA:350,2
BRDA:350,27,0,-
BRDA:350,27,1,2
DA:351,2
DA:353,2
DA:355,0
DA:365,2
DA:366,2
DA:367,2
BRDA:367,28,0,-
BRDA:367,28,1,2
DA:368,0
DA:371,2
DA:372,2
DA:373,2
DA:374,2
DA:375,2
DA:376,2
DA:377,2
DA:379,2
DA:380,2
DA:381,2
DA:382,2
DA:383,2
DA:384,2
DA:386,2
BRDA:386,29,0,-
BRDA:386,29,1,-
DA:387,0
DA:390,2
FN:400,OrderManager._createIncreasePositionOrder
FNDA:6,OrderManager._createIncreasePositionOrder
DA:407,6
DA:408,6
DA:409,6
DA:410,6
DA:411,6
DA:412,6
DA:415,6
BRDA:415,30,0,1
BRDA:415,30,1,5
DA:416,5
BRDA:416,31,0,1
BRDA:416,31,1,4
DA:418,4
DA:419,4
DA:420,4
BRDA:420,32,0,-
BRDA:420,32,1,4
DA:421,0
DA:424,4
DA:425,4
DA:426,4
DA:427,4
DA:428,4
DA:429,4
DA:430,4
DA:431,4
DA:433,4
DA:434,4
DA:435,4
DA:437,4
DA:438,4
DA:439,4
DA:440,4
DA:442,4
BRDA:442,33,0,-
BRDA:442,33,1,1
DA:443,1
DA:445,3
DA:448,4
BRDA:448,34,0,-
BRDA:448,34,1,-
DA:449,0
DA:452,4
FN:455,OrderManager._poolSwap
FNDA:0,OrderManager._poolSwap
DA:463,0
DA:464,0
FN:467,OrderManager._doSwap
FNDA:4,OrderManager._doSwap
DA:474,4
DA:475,4
DA:476,4
DA:477,4
FN:480,OrderManager._expiresOrder
FNDA:1,OrderManager._expiresOrder
DA:481,1
DA:482,1
DA:484,1
DA:485,1
BRDA:485,35,0,1
BRDA:485,35,1,1
DA:486,1
DA:488,1
FN:491,OrderManager._refundCollateral
FNDA:2,OrderManager._refundCollateral
DA:492,2
BRDA:492,36,0,-
BRDA:492,36,1,2
DA:493,0
DA:495,2
FN:499,OrderManager._safeUnwrapETH
FNDA:3,OrderManager._safeUnwrapETH
DA:500,3
DA:501,3
FN:504,OrderManager._validateExecution
FNDA:9,OrderManager._validateExecution
DA:505,9
BRDA:505,37,0,9
BRDA:505,37,1,7
DA:506,9
DA:509,9
BRDA:509,38,0,1
BRDA:509,38,1,8
DA:510,1
DA:513,8
BRDA:513,39,0,1
BRDA:513,39,1,7
DA:514,1
FN:518,OrderManager._calcMinLeverageExecutionFee
FNDA:6,OrderManager._calcMinLeverageExecutionFee
DA:523,6
DA:524,6
FN:527,OrderManager._setMinExecutionFee
FNDA:33,OrderManager._setMinExecutionFee
DA:528,33
BRDA:528,40,0,3
BRDA:528,40,1,30
DA:529,3
DA:531,30
BRDA:531,41,0,-
BRDA:531,41,1,30
DA:532,0
DA:535,30
DA:536,30
DA:537,30
DA:538,30
FN:541,OrderManager._requireControllerOrOwner
FNDA:16,OrderManager._requireControllerOrOwner
DA:542,16
BRDA:542,42,0,1
BRDA:542,42,1,15
DA:543,1
FN:549,OrderManager.setOracle
FNDA:2,OrderManager.setOracle
DA:550,2
BRDA:550,43,0,1
BRDA:550,43,1,1
DA:551,1
DA:552,1
FN:555,OrderManager.setMinExecutionFee
FNDA:17,OrderManager.setMinExecutionFee
DA:556,17
FN:559,OrderManager.setOrderHook
FNDA:1,OrderManager.setOrderHook
DA:560,1
DA:561,1
FN:564,OrderManager.setExecutor
FNDA:16,OrderManager.setExecutor
DA:565,16
BRDA:565,44,0,1
BRDA:565,44,1,15
DA:566,15
DA:567,15
FN:570,OrderManager.setController
FNDA:2,OrderManager.setController
DA:571,1
BRDA:571,45,0,-
BRDA:571,45,1,1
DA:572,1
DA:573,1
FN:576,OrderManager.setEnablePublicExecution
FNDA:2,OrderManager.setEnablePublicExecution
DA:577,2
DA:578,1
DA:579,1
FN:582,OrderManager.setExecutionDelayTime
FNDA:14,OrderManager.setExecutionDelayTime
DA:583,14
DA:584,14
DA:585,14
FNF:30
FNH:29
LF:253
LH:233
BRF:92
BRH:65
end_of_record
TN:
SF:src/pool/LiquidityCalculator.sol
FN:46,LiquidityCalculator.getTrancheValue
FNDA:9,LiquidityCalculator.getTrancheValue
DA:47,9
FN:50,LiquidityCalculator.getPoolValue
FNDA:190,LiquidityCalculator.getPoolValue
DA:51,190
DA:52,190
DA:53,190
DA:54,190
DA:56,190
DA:57,362
DA:59,362
FN:64,LiquidityCalculator.calcAddLiquidity
FNDA:90,LiquidityCalculator.calcAddLiquidity
DA:69,90
DA:70,90
DA:72,90
DA:73,90
DA:74,90
DA:76,90
DA:77,90
DA:78,90
BRDA:78,0,0,40
BRDA:78,0,1,50
DA:79,40
DA:81,50
FN:85,LiquidityCalculator.calcRemoveLiquidity
FNDA:4,LiquidityCalculator.calcRemoveLiquidity
DA:90,4
DA:91,4
DA:92,4
DA:94,4
DA:95,4
DA:96,4
DA:97,4
FN:100,LiquidityCalculator.calcSwapOutput
FNDA:11,LiquidityCalculator.calcSwapOutput
DA:105,11
DA:106,11
DA:107,11
DA:108,11
DA:109,11
DA:110,11
DA:111,11
DA:113,11
DA:114,11
FN:121,LiquidityCalculator.calcSwapFee
FNDA:0,LiquidityCalculator.calcSwapFee
DA:126,22
DA:127,22
DA:128,22
FN:131,LiquidityCalculator.calcAddRemoveLiquidityFee
FNDA:0,LiquidityCalculator.calcAddRemoveLiquidityFee
DA:136,94
FN:140,LiquidityCalculator.setFees
FNDA:3,LiquidityCalculator.setFees
DA:147,3
FN:152,LiquidityCalculator._setFees
FNDA:3,LiquidityCalculator._setFees
DA:159,3
DA:160,3
DA:161,3
DA:162,3
DA:163,3
DA:165,3
DA:166,3
DA:167,3
DA:168,3
DA:169,3
DA:171,3
DA:172,3
FN:175,LiquidityCalculator._validateMaxValue
FNDA:15,LiquidityCalculator._validateMaxValue
DA:176,15
BRDA:176,1,0,-
BRDA:176,1,1,15
DA:177,0
FN:181,LiquidityCalculator._calcFeeRate
FNDA:116,LiquidityCalculator._calcFeeRate
DA:189,116
DA:190,116
DA:191,116
DA:192,116
BRDA:192,2,0,27
BRDA:192,2,1,89
DA:193,27
DA:195,89
DA:196,89
DA:197,89
DA:198,89
DA:199,89
BRDA:199,3,0,13
BRDA:199,3,1,76
DA:200,13
DA:201,13
DA:203,76
DA:204,76
DA:205,76
FN:209,LiquidityCalculator._getTrancheValue
FNDA:103,LiquidityCalculator._getTrancheValue
DA:210,103
DA:211,103
DA:212,103
DA:214,103
FN:217,LiquidityCalculator._getTrancheValue
FNDA:465,LiquidityCalculator._getTrancheValue
DA:223,465
DA:225,465
DA:226,1395
DA:227,1395
DA:228,1395
DA:229,1395
BRDA:229,4,0,465
BRDA:229,4,1,930
DA:230,465
DA:232,930
DA:233,930
DA:234,930
DA:235,930
DA:239,1395
DA:244,465
FN:247,LiquidityCalculator._getPrice
FNDA:116,LiquidityCalculator._getPrice
DA:248,116
DA:249,116
FN:252,LiquidityCalculator._calcDaoFee
FNDA:0,LiquidityCalculator._calcDaoFee
DA:253,0
DA:254,0
FNF:15
FNH:12
LF:89
LH:86
BRF:10
BRH:9
end_of_record
TN:
SF:src/pool/Pool.sol
FN:105,Pool.initialize
FNDA:1,Pool.initialize
DA:109,1
BRDA:109,0,0,-
BRDA:109,0,1,1
DA:110,0
DA:112,1
DA:113,1
DA:114,1
DA:115,1
DA:116,1
DA:117,1
DA:118,1
DA:119,1
FN:124,Pool.isValidLeverageTokenPair
FNDA:9,Pool.isValidLeverageTokenPair
DA:130,9
FN:133,Pool.canSwap
FNDA:7,Pool.canSwap
DA:134,18
FN:137,Pool.getPoolAsset
FNDA:114,Pool.getPoolAsset
DA:138,114
FN:141,Pool.getAllTranches
FNDA:214,Pool.getAllTranches
DA:142,214
DA:143,214
DA:144,214
DA:145,388
DA:147,388
FN:152,Pool.getAllAssets
FNDA:295,Pool.getAllAssets
DA:153,295
DA:154,295
DA:155,295
DA:156,295
DA:157,885
DA:158,885
DA:159,885
DA:161,885
FN:168,Pool.addLiquidity
FNDA:91,Pool.addLiquidity
DA:174,91
DA:175,91
BRDA:175,1,0,1
BRDA:175,1,1,90
DA:176,1
DA:178,90
DA:179,90
DA:180,90
DA:182,90
DA:183,90
BRDA:183,2,0,-
BRDA:183,2,1,90
DA:184,0
DA:187,90
DA:188,90
DA:189,90
DA:190,90
DA:191,90
DA:193,90
DA:194,90
FN:197,Pool.removeLiquidity
FNDA:4,Pool.removeLiquidity
DA:203,4
DA:204,4
DA:205,4
DA:206,4
DA:208,4
DA:209,4
DA:210,4
BRDA:210,3,0,-
BRDA:210,3,1,4
DA:211,0
DA:214,4
DA:215,4
DA:216,4
DA:217,4
DA:219,4
DA:220,4
DA:222,4
FN:225,Pool.swap
FNDA:11,Pool.swap
DA:230,11
BRDA:230,4,0,1
BRDA:230,4,1,10
DA:231,1
DA:233,10
DA:234,10
DA:235,10
DA:236,9
DA:237,9
DA:238,9
BRDA:238,5,0,-
BRDA:238,5,1,9
DA:239,0
DA:242,9
DA:243,9
DA:244,9
DA:246,9
DA:247,9
DA:248,9
DA:249,9
BRDA:249,6,0,-
BRDA:249,6,1,-
DA:250,0
FN:254,Pool.increasePosition
FNDA:20,Pool.increasePosition
DA:261,19
DA:262,18
DA:263,18
DA:264,18
DA:265,18
DA:266,18
DA:267,18
DA:268,18
DA:269,18
BRDA:269,7,0,17
BRDA:269,7,1,18
DA:270,17
DA:272,18
DA:273,18
DA:276,18
DA:277,18
DA:278,18
DA:279,18
DA:281,18
DA:284,18
DA:286,18
DA:287,18
DA:288,18
DA:290,18
BRDA:290,8,0,-
BRDA:290,8,1,18
DA:291,0
DA:294,18
DA:297,17
DA:298,15
DA:300,15
DA:312,15
DA:322,15
BRDA:322,9,0,-
BRDA:322,9,1,-
DA:323,0
FN:333,Pool.decreasePosition
FNDA:10,Pool.decreasePosition
DA:342,9
DA:343,9
DA:344,9
DA:345,9
DA:347,9
BRDA:347,10,0,-
BRDA:347,10,1,9
DA:348,0
DA:351,9
DA:352,9
DA:355,9
DA:356,9
DA:357,8
DA:358,8
DA:359,8
DA:360,8
DA:362,8
DA:364,8
DA:376,8
BRDA:376,11,0,7
BRDA:376,11,1,1
DA:377,7
DA:386,7
DA:388,1
DA:397,1
DA:399,8
DA:401,8
BRDA:401,12,0,-
BRDA:401,12,1,-
DA:402,0
FN:412,Pool.liquidatePosition
FNDA:3,Pool.liquidatePosition
DA:415,3
DA:416,3
DA:418,3
DA:419,3
DA:420,3
DA:421,3
BRDA:421,13,0,-
BRDA:421,13,1,3
DA:422,0
DA:425,3
DA:429,3
DA:431,3
DA:445,3
DA:446,3
DA:447,3
DA:449,3
BRDA:449,14,0,-
BRDA:449,14,1,-
DA:450,0
FN:460,Pool.refreshVirtualPoolValue
FNDA:0,Pool.refreshVirtualPoolValue
DA:461,94
DA:463,94
FN:467,Pool.setInterestRateModel
FNDA:3,Pool.setInterestRateModel
DA:468,3
DA:469,3
DA:470,3
FN:473,Pool.addTranche
FNDA:4,Pool.addTranche
DA:474,4
BRDA:474,15,0,1
BRDA:474,15,1,3
DA:475,1
DA:477,3
DA:478,3
BRDA:478,16,0,1
BRDA:478,16,1,2
DA:479,1
DA:481,2
DA:482,2
DA:483,2
FN:486,Pool.setOrderManager
FNDA:12,Pool.setOrderManager
DA:487,11
DA:488,11
DA:489,11
FN:492,Pool.setOracle
FNDA:2,Pool.setOracle
DA:493,1
DA:494,1
DA:495,1
DA:496,1
FN:499,Pool.setRiskFactor
FNDA:1,Pool.setRiskFactor
DA:500,1
BRDA:500,17,0,-
BRDA:500,17,1,1
DA:501,0
DA:503,1
DA:504,1
DA:505,1
DA:506,1
BRDA:506,18,0,-
BRDA:506,18,1,1
DA:507,0
DA:509,1
DA:510,1
DA:512,1
DA:513,1
FN:516,Pool.addToken
FNDA:3,Pool.addToken
DA:517,3
BRDA:517,19,0,-
BRDA:517,19,1,3
DA:518,3
DA:519,3
DA:520,3
DA:521,3
DA:522,3
BRDA:522,20,0,-
BRDA:522,20,1,3
DA:523,0
DA:525,3
DA:526,3
DA:529,0
BRDA:529,21,0,-
BRDA:529,21,1,-
DA:530,0
DA:534,0
DA:535,0
FN:538,Pool.delistToken
FNDA:2,Pool.delistToken
DA:539,2
BRDA:539,22,0,1
BRDA:539,22,1,1
DA:540,1
DA:542,1
DA:543,1
DA:544,1
DA:545,1
DA:546,1
FN:549,Pool.setMaxLeverage
FNDA:3,Pool.setMaxLeverage
DA:550,2
FN:553,Pool.setController
FNDA:3,Pool.setController
DA:554,2
DA:555,2
DA:556,2
FN:559,Pool.setMaxLiquidity
FNDA:1,Pool.setMaxLiquidity
DA:560,1
DA:561,1
FN:564,Pool.setLiquidityCalculator
FNDA:2,Pool.setLiquidityCalculator
DA:565,1
DA:566,1
DA:567,1
FN:570,Pool.setPositionFee
FNDA:8,Pool.setPositionFee
DA:571,8
DA:572,8
DA:574,8
DA:575,8
DA:577,8
FN:580,Pool.setDaoFee
FNDA:3,Pool.setDaoFee
DA:581,2
DA:582,1
DA:583,1
FN:586,Pool.withdrawFee
FNDA:2,Pool.withdrawFee
DA:587,2
BRDA:587,23,0,1
BRDA:587,23,1,1
DA:588,1
DA:590,1
DA:591,1
DA:592,1
DA:593,1
FN:596,Pool.setFeeDistributor
FNDA:4,Pool.setFeeDistributor
DA:597,3
DA:598,2
DA:599,2
FN:602,Pool.setTargetWeight
FNDA:2,Pool.setTargetWeight
DA:603,1
DA:604,1
BRDA:604,24,0,-
BRDA:604,24,1,1
DA:605,0
DA:607,1
DA:608,1
DA:609,3
DA:610,3
BRDA:610,25,0,-
BRDA:610,25,1,3
DA:612,3
DA:613,3
DA:614,3
DA:616,1
DA:617,1
FN:620,Pool.setPoolHook
FNDA:0,Pool.setPoolHook
DA:621,0
DA:622,0
FN:625,Pool.setMaxGlobalPositionSize
FNDA:8,Pool.setMaxGlobalPositionSize
DA:630,6
BRDA:630,26,0,2
BRDA:630,26,1,4
DA:631,2
DA:634,4
DA:635,4
DA:636,4
DA:637,4
FN:642,Pool.rebalanceAsset
FNDA:1,Pool.rebalanceAsset
DA:649,1
DA:650,1
DA:651,1
DA:652,1
DA:653,1
DA:654,1
FN:657,Pool.pause
FNDA:0,Pool.pause
DA:658,0
FN:661,Pool.unpause
FNDA:0,Pool.unpause
DA:662,0
FN:666,Pool._setMaxLeverage
FNDA:3,Pool._setMaxLeverage
DA:667,3
BRDA:667,27,0,1
BRDA:667,27,1,2
DA:668,1
DA:670,2
DA:671,2
FN:674,Pool._setMaintenanceMargin
FNDA:1,Pool._setMaintenanceMargin
DA:675,1
DA:676,1
DA:677,1
FN:680,Pool._isValidLeverageTokenPair
FNDA:40,Pool._isValidLeverageTokenPair
DA:686,40
BRDA:686,28,0,1
BRDA:686,28,1,39
DA:687,1
DA:690,39
BRDA:690,29,0,-
BRDA:690,29,1,39
DA:691,0
DA:694,39
FN:697,Pool._validatePosition
FNDA:26,Pool._validatePosition
DA:703,26
BRDA:703,30,0,-
BRDA:703,30,1,26
DA:704,0
DA:707,26
BRDA:707,31,0,1
BRDA:707,31,1,25
DA:708,1
DA:711,25
DA:712,25
BRDA:712,32,0,-
BRDA:712,32,1,25
DA:713,0
FN:717,Pool._requireValidTokenPair
FNDA:31,Pool._requireValidTokenPair
DA:723,31
BRDA:723,33,0,1
BRDA:723,33,1,30
DA:724,1
FN:728,Pool._validateAsset
FNDA:17,Pool._validateAsset
DA:729,17
BRDA:729,34,0,-
BRDA:729,34,1,17
DA:730,0
FN:734,Pool._validateTranche
FNDA:95,Pool._validateTranche
DA:735,95
BRDA:735,35,0,-
BRDA:735,35,1,95
DA:736,0
FN:740,Pool._requireAddress
FNDA:24,Pool._requireAddress
DA:741,24
BRDA:741,36,0,1
BRDA:741,36,1,23
DA:742,1
FN:746,Pool._onlyController
FNDA:12,Pool._onlyController
DA:747,12
BRDA:747,37,0,3
BRDA:747,37,1,9
FN:750,Pool._requireAmount
FNDA:122,Pool._requireAmount
DA:751,122
BRDA:751,38,0,1
BRDA:751,38,1,121
DA:752,1
DA:755,121
FN:758,Pool._requireListedToken
FNDA:91,Pool._requireListedToken
DA:759,91
BRDA:759,39,0,-
BRDA:759,39,1,91
DA:760,0
FN:764,Pool._requireOrderManager
FNDA:30,Pool._requireOrderManager
DA:765,30
BRDA:765,40,0,2
BRDA:765,40,1,28
DA:766,2
FN:770,Pool._validateMaxValue
FNDA:23,Pool._validateMaxValue
DA:771,23
BRDA:771,41,0,1
BRDA:771,41,1,22
DA:772,1
FN:776,Pool._getAmountIn
FNDA:118,Pool._getAmountIn
DA:777,118
DA:778,118
DA:779,118
FN:782,Pool._doTransferOut
FNDA:28,Pool._doTransferOut
DA:783,28
BRDA:783,42,0,-
BRDA:783,42,1,26
DA:784,26
DA:785,26
DA:786,26
FN:790,Pool.accrueInterest
FNDA:0,Pool.accrueInterest
DA:791,144
DA:792,144
DA:793,144
DA:795,144
BRDA:795,43,0,133
BRDA:795,43,1,11
DA:796,133
DA:798,11
DA:799,11
DA:800,11
DA:803,144
DA:804,144
DA:805,144
DA:806,144
FN:809,Pool.interestRate
FNDA:0,Pool.interestRate
DA:810,11
DA:811,11
DA:812,11
DA:813,11
DA:814,11
DA:815,11
DA:817,11
DA:821,11
BRDA:821,44,0,1
BRDA:821,44,1,10
DA:822,1
DA:825,10
FN:828,Pool._decreaseTranchePoolAmount
FNDA:6,Pool._decreaseTranchePoolAmount
DA:829,6
DA:830,6
DA:831,6
BRDA:831,45,0,-
BRDA:831,45,1,6
DA:832,0
DA:834,6
FN:838,Pool._getPoolAsset
FNDA:114,Pool._getPoolAsset
DA:839,114
DA:840,192
DA:841,192
DA:842,192
DA:843,192
DA:844,192
DA:846,192
FN:852,Pool._reservePoolAsset
FNDA:17,Pool._reservePoolAsset
DA:859,17
DA:861,17
DA:862,17
DA:863,17
BRDA:863,46,0,17
BRDA:863,46,1,-
DA:864,17
DA:865,17
DA:867,0
DA:868,0
DA:871,16
DA:872,26
DA:873,26
DA:874,26
DA:876,26
DA:877,26
DA:878,26
DA:879,26
DA:882,26
BRDA:882,47,0,19
BRDA:882,47,1,7
DA:883,19
DA:889,19
DA:897,7
DA:898,7
DA:900,7
DA:903,26
DA:905,26
DA:909,16
BRDA:909,48,0,5
BRDA:909,48,1,15
DA:910,5
FN:915,Pool._releasePoolAsset
FNDA:12,Pool._releasePoolAsset
DA:922,12
DA:924,12
DA:926,12
DA:927,18
DA:928,18
DA:929,18
DA:932,18
DA:933,18
DA:934,18
DA:937,18
DA:938,18
DA:939,18
DA:943,18
BRDA:943,49,0,1
BRDA:943,49,1,17
DA:944,1
DA:947,17
DA:948,17
BRDA:948,50,0,12
BRDA:948,50,1,5
DA:949,12
DA:953,5
DA:954,5
DA:955,5
DA:957,17
DA:958,17
DA:960,17
FN:975,Pool._calcIncreaseTranchesReserve
FNDA:17,Pool._calcIncreaseTranchesReserve
DA:980,17
DA:981,17
DA:982,17
DA:983,17
DA:984,17
DA:985,17
DA:987,17
DA:988,27
DA:989,27
DA:990,27
DA:991,27
DA:995,27
DA:999,17
FN:1005,Pool._calcReduceTranchesPoolAmount
FNDA:9,Pool._calcReduceTranchesPoolAmount
DA:1010,9
DA:1011,9
DA:1012,9
DA:1013,9
DA:1015,9
DA:1016,11
DA:1017,11
DA:1018,11
DA:1019,11
DA:1021,11
DA:1025,9
FN:1028,Pool._calcDistribution
FNDA:26,Pool._calcDistribution
DA:1033,26
DA:1034,26
DA:1035,26
DA:1037,28
DA:1039,28
DA:1040,28
DA:1041,40
DA:1042,40
BRDA:1042,51,0,25
BRDA:1042,51,1,15
DA:1043,40
DA:1044,40
DA:1045,40
BRDA:1045,52,0,-
BRDA:1045,52,1,7
DA:1047,7
DA:1048,7
DA:1049,7
DA:1052,40
DA:1053,40
DA:1054,40
DA:1055,40
BRDA:1055,53,0,25
BRDA:1055,53,1,15
DA:1056,25
DA:1060,15
DA:1065,1
FN:1069,Pool._rebalanceTranches
FNDA:9,Pool._rebalanceTranches
DA:1076,9
DA:1077,9
DA:1079,9
DA:1080,11
DA:1081,11
DA:1084,11
DA:1085,11
DA:1088,11
FN:1093,Pool._liquidatePositionAllowed
FNDA:28,Pool._liquidatePositionAllowed
DA:1099,28
BRDA:1099,54,0,7
BRDA:1099,54,1,21
DA:1100,7
DA:1103,21
DA:1104,21
DA:1105,21
DA:1108,21
FN:1112,Pool._calcDecreasePayout
FNDA:12,Pool._calcDecreasePayout
DA:1122,12
DA:1123,12
DA:1127,12
DA:1128,12
DA:1131,12
DA:1132,12
DA:1133,12
DA:1136,12
DA:1137,12
BRDA:1137,55,0,3
BRDA:1137,55,1,12
DA:1138,3
DA:1140,12
DA:1142,12
BRDA:1142,56,0,2
BRDA:1142,56,1,12
DA:1143,2
DA:1144,2
DA:1146,12
DA:1148,12
DA:1149,12
BRDA:1149,57,0,-
BRDA:1149,57,1,2
DA:1150,2
BRDA:1150,58,0,-
BRDA:1150,58,1,2
DA:1151,0
DA:1154,2
DA:1155,2
DA:1157,10
DA:1160,12
BRDA:1160,59,0,9
BRDA:1160,59,1,3
DA:1161,9
DA:1162,3
BRDA:1162,60,0,1
BRDA:1162,60,1,3
DA:1164,1
DA:1168,12
DA:1169,12
FN:1172,Pool._calcPositionFee
FNDA:51,Pool._calcPositionFee
DA:1177,51
DA:1178,51
DA:1179,51
FN:1182,Pool._getIndexPrice
FNDA:33,Pool._getIndexPrice
DA:1185,33
FN:1188,Pool._getCollateralPrice
FNDA:30,Pool._getCollateralPrice
DA:1189,30
FN:1195,Pool._getPrice
FNDA:57,Pool._getPrice
DA:1196,57
FN:1199,Pool._validateMaxLiquidity
FNDA:99,Pool._validateMaxLiquidity
DA:1200,99
DA:1201,99
BRDA:1201,61,0,-
BRDA:1201,61,1,99
DA:1202,0
FN:1206,Pool._updateGlobalShortPosition
FNDA:12,Pool._updateGlobalShortPosition
DA:1214,12
DA:1215,12
DA:1216,12
DA:1217,12
DA:1220,12
DA:1221,12
FN:1224,Pool._validateGlobalShortSize
FNDA:5,Pool._validateGlobalShortSize
DA:1225,5
DA:1226,5
BRDA:1226,62,0,1
BRDA:1226,62,1,4
DA:1227,1
FN:1231,Pool._calcDaoFee
FNDA:133,Pool._calcDaoFee
DA:1232,133
DA:1233,133
FNF:69
FNH:63
LF:482
LH:448
BRF:126
BRH:90
end_of_record
TN:
SF:src/tokens/LPToken.sol
FN:25,LPToken.mint
FNDA:92,LPToken.mint
DA:26,92
BRDA:26,0,0,1
BRDA:26,0,1,91
DA:27,1
DA:29,91
FNF:1
FNH:1
LF:3
LH:3
BRF:2
BRH:2
end_of_record
TN:
SF:src/utils/ETHUnwrapper.sol
FN:15,ETHUnwrapper.unwrap
FNDA:4,ETHUnwrapper.unwrap
DA:16,4
DA:17,4
DA:19,4
FNF:1
FNH:1
LF:3
LH:3
BRF:0
BRH:0
end_of_record
TN:
SF:src/utils/LiquidityRouter.sol
FN:24,LiquidityRouter.addLiquidityETH
FNDA:2,LiquidityRouter.addLiquidityETH
DA:25,2
DA:26,2
DA:27,2
DA:28,2
FN:31,LiquidityRouter.addLiquidity
FNDA:22,LiquidityRouter.addLiquidity
DA:34,22
DA:35,22
DA:36,21
DA:37,20
FN:40,LiquidityRouter.removeLiquidityETH
FNDA:0,LiquidityRouter.removeLiquidityETH
DA:44,0
DA:45,0
DA:46,0
DA:47,0
DA:48,0
DA:49,0
DA:50,0
DA:51,0
FN:54,LiquidityRouter.removeLiquidity
FNDA:3,LiquidityRouter.removeLiquidity
DA:57,3
DA:58,3
DA:59,3
DA:60,3
FNF:4
FNH:3
LF:20
LH:12
BRF:0
BRH:0
end_of_record
TN:
SF:test/mocks/MockERC20.t.sol
FN:24,MockERC20.availableToMint
FNDA:0,MockERC20.availableToMint
DA:25,0
BRDA:25,0,0,-
BRDA:25,0,1,-
DA:26,0
DA:28,0
FN:31,MockERC20.mint
FNDA:55,MockERC20.mint
DA:33,55
DA:34,55
FN:37,MockERC20.mintTo
FNDA:0,MockERC20.mintTo
DA:39,0
DA:40,0
FN:43,MockERC20.decimals
FNDA:8,MockERC20.decimals
DA:44,8
FNF:4
FNH:2
LF:8
LH:3
BRF:2
BRH:0
end_of_record
TN:
SF:test/mocks/MockOracle.t.sol
FN:6,MockOracle.setPrice
FNDA:80,MockOracle.setPrice
DA:7,80
FN:10,MockOracle.getPrice
FNDA:194,MockOracle.getPrice
DA:11,194
FN:14,MockOracle.postPrices
FNDA:0,MockOracle.postPrices
FN:16,MockOracle.getMultiplePrices
FNDA:293,MockOracle.getMultiplePrices
DA:17,293
DA:18,293
DA:20,293
DA:21,879
DA:23,879
DA:27,293
FNF:4
FNH:3
LF:8
LH:8
BRF:0
BRH:0
end_of_record
TN:
SF:test/mocks/WETH.t.sol
FN:39,WETH9.deposit
FNDA:22,WETH9.deposit
DA:40,22
DA:41,22
FN:44,WETH9.withdraw
FNDA:4,WETH9.withdraw
DA:45,4
BRDA:45,0,0,-
BRDA:45,0,1,4
DA:46,4
DA:47,4
DA:48,4
FN:51,WETH9.totalSupply
FNDA:0,WETH9.totalSupply
DA:52,0
FN:55,WETH9.approve
FNDA:15,WETH9.approve
DA:56,15
DA:57,15
DA:58,15
FN:61,WETH9.transfer
FNDA:5,WETH9.transfer
DA:62,5
FN:65,WETH9.transferFrom
FNDA:22,WETH9.transferFrom
DA:66,27
BRDA:66,1,0,-
BRDA:66,1,1,27
DA:68,27
BRDA:68,2,0,-
BRDA:68,2,1,6
DA:69,6
BRDA:69,3,0,-
BRDA:69,3,1,6
DA:70,6
DA:73,27
DA:74,27
DA:76,27
DA:78,27
FNF:6
FNH:5
LF:19
LH:18
BRF:8
BRH:4
end_of_record
TN:
SF:test/units/Fixture.t.sol
FN:69,Fixture.build
FNDA:0,Fixture.build
DA:70,0
DA:71,0
DA:72,0
DA:73,0
DA:74,0
DA:75,0
DA:77,0
DA:78,0
FN:87,PoolTestFixture.build
FNDA:0,PoolTestFixture.build
DA:88,0
DA:90,0
DA:91,0
DA:92,0
DA:93,0
DA:94,0
DA:95,0
DA:96,0
DA:101,0
DA:103,0
DA:105,0
DA:106,0
DA:107,0
DA:108,0
DA:109,0
DA:110,0
DA:112,0
DA:113,0
DA:114,0
DA:115,0
DA:117,0
DA:118,0
DA:119,0
DA:120,0
DA:122,0
DA:123,0
DA:124,0
DA:125,0
FN:128,PoolTestFixture._checkInvariant
FNDA:0,PoolTestFixture._checkInvariant
DA:129,0
DA:130,0
FN:38,TestPool.getTrancheAsset
FNDA:3,TestPool.getTrancheAsset
DA:39,3
FN:42,TestPool.tranchePoolBalance
FNDA:6,TestPool.tranchePoolBalance
DA:43,6
FN:46,TestPool.getPoolTokenInfo
FNDA:0,TestPool.getPoolTokenInfo
DA:47,0
FN:50,TestPool.getTrancheValue
FNDA:5,TestPool.getTrancheValue
DA:51,5
FNF:7
FNH:3
LF:42
LH:3
BRF:0
BRH:0
end_of_record
